<?xml version="1.0" encoding="UTF-8"?>
<!-- Generated by org.testng.reporters.JUnitXMLReporter -->
<testsuite ignored="0" hostname="DwikiOlajuwon" failures="1" tests="1" name="Test" time="10.977" errors="0" timestamp="13 Sep 2022 13:37:37 GMT">
  <testcase classname="com.AutomationTask.demoDwiki.TestCase1" name="Test1" time="8.696">
    <failure type="java.lang.AssertionError" message="expected [Welcome to New TESSAa] but found [Welcome to New TESSA]">
      <![CDATA[java.lang.AssertionError: expected [Welcome to New TESSAa] but found [Welcome to New TESSA]
at com.AutomationTask.demoDwiki.TestCase1.Test1(TestCase1.java:31)
... Removed 31 stack frames]]>
    </failure>
  </testcase> <!-- Test1 -->
</testsuite> <!-- Test -->
