<?xml version="1.0" encoding="UTF-8"?>
<!-- Generated by org.testng.reporters.JUnitXMLReporter -->
<testsuite ignored="0" hostname="DwikiOlajuwon" failures="1" tests="1" name="Test" time="18.949" errors="0" timestamp="16 Sep 2022 15:09:18 GMT">
  <testcase classname="com.AutomationTask.demoDwiki.TestCase1" name="Test1" time="13.537">
    <failure type="java.lang.AssertionError" message="expected [Welcome to New TESSAX] but found [Welcome to New TESSA]">
      <![CDATA[java.lang.AssertionError: expected [Welcome to New TESSAX] but found [Welcome to New TESSA]
at com.AutomationTask.demoDwiki.TestCase1.Test1(TestCase1.java:38)
... Removed 35 stack frames]]>
    </failure>
  </testcase> <!-- Test1 -->
</testsuite> <!-- Test -->
