-------------------------------------------------------------------------------
Test set: TestSuite
-------------------------------------------------------------------------------
Tests run: 1, Failures: 1, Errors: 0, Skipped: 0, Time elapsed: 20.913 s <<< FAILURE! - in TestSuite
Test1(com.AutomationTask.demoDwiki.TestCase1)  Time elapsed: 13.549 s  <<< FAILURE!
java.lang.AssertionError: expected [Welcome to New TESSAX] but found [Welcome to New TESSA]
	at com.AutomationTask.demoDwiki.TestCase1.Test1(TestCase1.java:38)

