<?xml version="1.0" encoding="UTF-8"?>
<testng-results ignored="0" total="1" passed="1" failed="0" skipped="0">
  <reporter-output>
  </reporter-output>
  <suite started-at="2022-09-13T13:39:55Z" name="Suite" finished-at="2022-09-13T13:40:11Z" duration-ms="15895">
    <groups>
    </groups>
    <test started-at="2022-09-13T13:39:55Z" name="Test" finished-at="2022-09-13T13:40:11Z" duration-ms="15895">
      <class name="com.AutomationTask.demoDwiki.TestCase1">
        <test-method is-config="true" signature="launchDriver()[pri:0, instance:com.AutomationTask.demoDwiki.TestCase1@4efac082]" started-at="2022-09-13T13:39:55Z" name="launchDriver" finished-at="2022-09-13T13:39:57Z" duration-ms="1847" status="PASS">
          <reporter-output>
          </reporter-output>
        </test-method> <!-- launchDriver -->
        <test-method signature="Test1()[pri:0, instance:com.AutomationTask.demoDwiki.TestCase1@4efac082]" started-at="2022-09-13T13:39:57Z" name="Test1" finished-at="2022-09-13T13:40:11Z" duration-ms="13764" status="PASS">
          <reporter-output>
          </reporter-output>
        </test-method> <!-- Test1 -->
        <test-method is-config="true" signature="quit()[pri:0, instance:com.AutomationTask.demoDwiki.TestCase1@4efac082]" started-at="2022-09-13T13:40:11Z" name="quit" finished-at="2022-09-13T13:40:11Z" duration-ms="246" status="PASS">
          <reporter-output>
          </reporter-output>
        </test-method> <!-- quit -->
      </class> <!-- com.AutomationTask.demoDwiki.TestCase1 -->
    </test> <!-- Test -->
  </suite> <!-- Suite -->
</testng-results>
