<?xml version="1.0" encoding="UTF-8"?>
<testng-results ignored="0" total="1" passed="1" failed="0" skipped="0">
  <reporter-output>
  </reporter-output>
  <suite started-at="2022-09-14T17:03:49Z" name="Suite" finished-at="2022-09-14T17:03:53Z" duration-ms="3948">
    <groups>
    </groups>
    <test started-at="2022-09-14T17:03:49Z" name="Test" finished-at="2022-09-14T17:03:53Z" duration-ms="3948">
      <class name="com.AutomationTask.demoDwiki.TestCase1">
        <test-method is-config="true" signature="launchDriver()[pri:0, instance:com.AutomationTask.demoDwiki.TestCase1@202b0582]" started-at="2022-09-14T17:03:49Z" name="launchDriver" finished-at="2022-09-14T17:03:51Z" duration-ms="1558" status="PASS">
          <reporter-output>
          </reporter-output>
        </test-method> <!-- launchDriver -->
        <test-method signature="Test1()[pri:0, instance:com.AutomationTask.demoDwiki.TestCase1@202b0582]" started-at="2022-09-14T17:03:51Z" name="Test1" finished-at="2022-09-14T17:03:53Z" duration-ms="2151" status="PASS">
          <reporter-output>
          </reporter-output>
        </test-method> <!-- Test1 -->
        <test-method is-config="true" signature="quit()[pri:0, instance:com.AutomationTask.demoDwiki.TestCase1@202b0582]" started-at="2022-09-14T17:03:53Z" name="quit" finished-at="2022-09-14T17:03:53Z" duration-ms="200" status="PASS">
          <reporter-output>
          </reporter-output>
        </test-method> <!-- quit -->
      </class> <!-- com.AutomationTask.demoDwiki.TestCase1 -->
    </test> <!-- Test -->
  </suite> <!-- Suite -->
</testng-results>
